
  .   ____          _            __ _ _
 /\\ / ___'_ __ _ _(_)_ __  __ _ \ \ \ \
( ( )\___ | '_ | '_| | '_ \/ _` | \ \ \ \
 \\/  ___)| |_)| | | | | || (_| |  ) ) ) )
  '  |____| .__|_| |_|_| |_\__, | / / / /
 =========|_|==============|___/=/_/_/_/
 :: Spring Boot ::                (v2.4.5)

2021-05-09 12:05:37.919  INFO 5616 --- [           main] c.a.finder.CowinRadarApplication         : Starting CowinRadarApplication v0.0.1-SNAPSHOT using Java 1.8.0_271 on Bhupads-MacBook-Pro.local with PID 5616 (/Users/bhupadrathi/Documents/Udemy/CowinRadar/target/CowinRadar-0.0.1-SNAPSHOT.jar started by bhupadrathi in /Users/bhupadrathi/Documents/Udemy/CowinRadar/bin)
2021-05-09 12:05:37.921  INFO 5616 --- [           main] c.a.finder.CowinRadarApplication         : No active profile set, falling back to default profiles: default
2021-05-09 12:05:38.115  WARN 5616 --- [kground-preinit] o.s.h.c.j.Jackson2ObjectMapperBuilder    : For Jackson Kotlin classes support please add "com.fasterxml.jackson.module:jackson-module-kotlin" to the classpath
2021-05-09 12:05:38.857  INFO 5616 --- [           main] .s.d.r.c.RepositoryConfigurationDelegate : Bootstrapping Spring Data JPA repositories in DEFAULT mode.
2021-05-09 12:05:38.935  INFO 5616 --- [           main] .s.d.r.c.RepositoryConfigurationDelegate : Finished Spring Data repository scanning in 66 ms. Found 2 JPA repository interfaces.
2021-05-09 12:05:39.670  INFO 5616 --- [           main] o.s.b.w.embedded.tomcat.TomcatWebServer  : Tomcat initialized with port(s): 0 (http)
2021-05-09 12:05:39.685  INFO 5616 --- [           main] o.apache.catalina.core.StandardService   : Starting service [Tomcat]
2021-05-09 12:05:39.685  INFO 5616 --- [           main] org.apache.catalina.core.StandardEngine  : Starting Servlet engine: [Apache Tomcat/9.0.45]
2021-05-09 12:05:39.759  INFO 5616 --- [           main] o.a.c.c.C.[Tomcat].[localhost].[/]       : Initializing Spring embedded WebApplicationContext
2021-05-09 12:05:39.759  INFO 5616 --- [           main] w.s.c.ServletWebServerApplicationContext : Root WebApplicationContext: initialization completed in 1760 ms
2021-05-09 12:05:40.017  INFO 5616 --- [           main] o.hibernate.jpa.internal.util.LogHelper  : HHH000204: Processing PersistenceUnitInfo [name: default]
2021-05-09 12:05:40.095  INFO 5616 --- [           main] org.hibernate.Version                    : HHH000412: Hibernate ORM core version 5.4.30.Final
2021-05-09 12:05:40.370  INFO 5616 --- [           main] o.hibernate.annotations.common.Version   : HCANN000001: Hibernate Commons Annotations {5.1.2.Final}
2021-05-09 12:05:40.497  INFO 5616 --- [           main] com.zaxxer.hikari.HikariDataSource       : HikariPool-1 - Starting...
2021-05-09 12:05:40.589  INFO 5616 --- [           main] com.zaxxer.hikari.HikariDataSource       : HikariPool-1 - Start completed.
2021-05-09 12:05:40.626  INFO 5616 --- [           main] org.hibernate.dialect.Dialect            : HHH000400: Using dialect: org.hibernate.dialect.MariaDB103Dialect
2021-05-09 12:05:41.260  INFO 5616 --- [           main] o.h.e.t.j.p.i.JtaPlatformInitiator       : HHH000490: Using JtaPlatform implementation: [org.hibernate.engine.transaction.jta.platform.internal.NoJtaPlatform]
2021-05-09 12:05:41.270  INFO 5616 --- [           main] j.LocalContainerEntityManagerFactoryBean : Initialized JPA EntityManagerFactory for persistence unit 'default'
2021-05-09 12:05:42.314  WARN 5616 --- [           main] JpaBaseConfiguration$JpaWebConfiguration : spring.jpa.open-in-view is enabled by default. Therefore, database queries may be performed during view rendering. Explicitly configure spring.jpa.open-in-view to disable this warning
2021-05-09 12:05:42.419  INFO 5616 --- [           main] o.s.s.concurrent.ThreadPoolTaskExecutor  : Initializing ExecutorService 'applicationTaskExecutor'
2021-05-09 12:05:42.676  INFO 5616 --- [           main] o.s.s.c.ThreadPoolTaskScheduler          : Initializing ExecutorService 'taskScheduler'
2021-05-09 12:05:42.847  INFO 5616 --- [           main] o.s.b.w.embedded.tomcat.TomcatWebServer  : Tomcat started on port(s): 54565 (http) with context path ''
2021-05-09 12:05:42.862  INFO 5616 --- [           main] c.a.finder.CowinRadarApplication         : Started CowinRadarApplication in 5.386 seconds (JVM running for 6.019)
Hibernate: select user0_.id as id1_1_, user0_.disctrict_id as disctric2_1_, user0_.email as email3_1_, user0_.email_count as email_co4_1_, user0_.enquiry_age as enquiry_5_1_, user0_.name as name6_1_, user0_.phone_number as phone_nu7_1_, user0_.pincode as pincode8_1_, user0_.state_id as state_id9_1_, user0_.state_name as state_n10_1_, user0_.status as status11_1_ from user user0_ where user0_.status=?
Hibernate: select user0_.id as id1_1_0_, user0_.disctrict_id as disctric2_1_0_, user0_.email as email3_1_0_, user0_.email_count as email_co4_1_0_, user0_.enquiry_age as enquiry_5_1_0_, user0_.name as name6_1_0_, user0_.phone_number as phone_nu7_1_0_, user0_.pincode as pincode8_1_0_, user0_.state_id as state_id9_1_0_, user0_.state_name as state_n10_1_0_, user0_.status as status11_1_0_ from user user0_ where user0_.id=?
Hibernate: select user0_.id as id1_1_0_, user0_.disctrict_id as disctric2_1_0_, user0_.email as email3_1_0_, user0_.email_count as email_co4_1_0_, user0_.enquiry_age as enquiry_5_1_0_, user0_.name as name6_1_0_, user0_.phone_number as phone_nu7_1_0_, user0_.pincode as pincode8_1_0_, user0_.state_id as state_id9_1_0_, user0_.state_name as state_n10_1_0_, user0_.status as status11_1_0_ from user user0_ where user0_.id=?
Hibernate: insert into message_archive (message, user_id) values (?, ?)
Hibernate: insert into message_archive (message, user_id) values (?, ?)
{"ok":true,"result":{"message_id":34,"from":{"id":1858011407,"is_bot":true,"first_name":"Cowin_Radar","username":"cowin_radar_bot"},"chat":{"id":1372909583,"first_name":"Bhupad","username":"bhupad","type":"private"},"date":1620542405,"text":"Centers available are [Primary Health Centre Kurkumbh] for age greater than [18] one date [09-05-2021]. Vaccine name is [COVISHIELD] and fee type is [Free] Vaccine Slot By District Id"}}
{"ok":true,"result":{"message_id":36,"from":{"id":1858011407,"is_bot":true,"first_name":"Cowin_Radar","username":"cowin_radar_bot"},"chat":{"id":1762736983,"first_name":"Raunak","type":"private"},"date":1620542406,"text":"Centers available are [Primary Health Centre Kurkumbh] for age greater than [18] one date [09-05-2021]. Vaccine name is [COVISHIELD] and fee type is [Free] Vaccine Slot By District Id"}}
Hibernate: select user0_.id as id1_1_0_, user0_.disctrict_id as disctric2_1_0_, user0_.email as email3_1_0_, user0_.email_count as email_co4_1_0_, user0_.enquiry_age as enquiry_5_1_0_, user0_.name as name6_1_0_, user0_.phone_number as phone_nu7_1_0_, user0_.pincode as pincode8_1_0_, user0_.state_id as state_id9_1_0_, user0_.state_name as state_n10_1_0_, user0_.status as status11_1_0_ from user user0_ where user0_.id=?
Hibernate: insert into message_archive (message, user_id) values (?, ?)
{"ok":true,"result":{"message_id":38,"from":{"id":1858011407,"is_bot":true,"first_name":"Cowin_Radar","username":"cowin_radar_bot"},"chat":{"id":1769213541,"first_name":"Nitin","type":"private"},"date":1620542411,"text":"Centers available are [Primary Health Centre Kurkumbh] for age greater than [18] one date [09-05-2021]. Vaccine name is [COVISHIELD] and fee type is [Free] Vaccine Slot By District Id"}}
Hibernate: select user0_.id as id1_1_, user0_.disctrict_id as disctric2_1_, user0_.email as email3_1_, user0_.email_count as email_co4_1_, user0_.enquiry_age as enquiry_5_1_, user0_.name as name6_1_, user0_.phone_number as phone_nu7_1_, user0_.pincode as pincode8_1_, user0_.state_id as state_id9_1_, user0_.state_name as state_n10_1_, user0_.status as status11_1_ from user user0_ where user0_.status=?
Hibernate: select user0_.id as id1_1_, user0_.disctrict_id as disctric2_1_, user0_.email as email3_1_, user0_.email_count as email_co4_1_, user0_.enquiry_age as enquiry_5_1_, user0_.name as name6_1_, user0_.phone_number as phone_nu7_1_, user0_.pincode as pincode8_1_, user0_.state_id as state_id9_1_, user0_.state_name as state_n10_1_, user0_.status as status11_1_ from user user0_ where user0_.status=?
Hibernate: select user0_.id as id1_1_, user0_.disctrict_id as disctric2_1_, user0_.email as email3_1_, user0_.email_count as email_co4_1_, user0_.enquiry_age as enquiry_5_1_, user0_.name as name6_1_, user0_.phone_number as phone_nu7_1_, user0_.pincode as pincode8_1_, user0_.state_id as state_id9_1_, user0_.state_name as state_n10_1_, user0_.status as status11_1_ from user user0_ where user0_.status=?
Hibernate: select user0_.id as id1_1_, user0_.disctrict_id as disctric2_1_, user0_.email as email3_1_, user0_.email_count as email_co4_1_, user0_.enquiry_age as enquiry_5_1_, user0_.name as name6_1_, user0_.phone_number as phone_nu7_1_, user0_.pincode as pincode8_1_, user0_.state_id as state_id9_1_, user0_.state_name as state_n10_1_, user0_.status as status11_1_ from user user0_ where user0_.status=?
Hibernate: select user0_.id as id1_1_0_, user0_.disctrict_id as disctric2_1_0_, user0_.email as email3_1_0_, user0_.email_count as email_co4_1_0_, user0_.enquiry_age as enquiry_5_1_0_, user0_.name as name6_1_0_, user0_.phone_number as phone_nu7_1_0_, user0_.pincode as pincode8_1_0_, user0_.state_id as state_id9_1_0_, user0_.state_name as state_n10_1_0_, user0_.status as status11_1_0_ from user user0_ where user0_.id=?
Hibernate: select user0_.id as id1_1_0_, user0_.disctrict_id as disctric2_1_0_, user0_.email as email3_1_0_, user0_.email_count as email_co4_1_0_, user0_.enquiry_age as enquiry_5_1_0_, user0_.name as name6_1_0_, user0_.phone_number as phone_nu7_1_0_, user0_.pincode as pincode8_1_0_, user0_.state_id as state_id9_1_0_, user0_.state_name as state_n10_1_0_, user0_.status as status11_1_0_ from user user0_ where user0_.id=?
Hibernate: update user set disctrict_id=?, email=?, email_count=?, enquiry_age=?, name=?, phone_number=?, pincode=?, state_id=?, state_name=?, status=? where id=?
Hibernate: update user set disctrict_id=?, email=?, email_count=?, enquiry_age=?, name=?, phone_number=?, pincode=?, state_id=?, state_name=?, status=? where id=?
Hibernate: insert into message_archive (message, user_id) values (?, ?)
Hibernate: insert into message_archive (message, user_id) values (?, ?)
{"ok":true,"result":{"message_id":40,"from":{"id":1858011407,"is_bot":true,"first_name":"Cowin_Radar","username":"cowin_radar_bot"},"chat":{"id":1372909583,"first_name":"Bhupad","username":"bhupad","type":"private"},"date":1620543608,"text":"Centers available are [Primary Health Centre Kurkumbh] for age greater than [18] one date [09-05-2021]. Vaccine name is [COVISHIELD] and fee type is [Free] Vaccine Slot By District Id"}}
{"ok":true,"result":{"message_id":42,"from":{"id":1858011407,"is_bot":true,"first_name":"Cowin_Radar","username":"cowin_radar_bot"},"chat":{"id":1762736983,"first_name":"Raunak","type":"private"},"date":1620543610,"text":"Centers available are [Primary Health Centre Kurkumbh] for age greater than [18] one date [09-05-2021]. Vaccine name is [COVISHIELD] and fee type is [Free] Vaccine Slot By District Id"}}
Hibernate: select user0_.id as id1_1_0_, user0_.disctrict_id as disctric2_1_0_, user0_.email as email3_1_0_, user0_.email_count as email_co4_1_0_, user0_.enquiry_age as enquiry_5_1_0_, user0_.name as name6_1_0_, user0_.phone_number as phone_nu7_1_0_, user0_.pincode as pincode8_1_0_, user0_.state_id as state_id9_1_0_, user0_.state_name as state_n10_1_0_, user0_.status as status11_1_0_ from user user0_ where user0_.id=?
Hibernate: insert into message_archive (message, user_id) values (?, ?)
{"ok":true,"result":{"message_id":44,"from":{"id":1858011407,"is_bot":true,"first_name":"Cowin_Radar","username":"cowin_radar_bot"},"chat":{"id":1769213541,"first_name":"Nitin","type":"private"},"date":1620543614,"text":"Centers available are [Primary Health Centre Kurkumbh] for age greater than [18] one date [09-05-2021]. Vaccine name is [COVISHIELD] and fee type is [Free] Vaccine Slot By District Id"}}
Hibernate: select user0_.id as id1_1_, user0_.disctrict_id as disctric2_1_, user0_.email as email3_1_, user0_.email_count as email_co4_1_, user0_.enquiry_age as enquiry_5_1_, user0_.name as name6_1_, user0_.phone_number as phone_nu7_1_, user0_.pincode as pincode8_1_, user0_.state_id as state_id9_1_, user0_.state_name as state_n10_1_, user0_.status as status11_1_ from user user0_ where user0_.status=?
Hibernate: select user0_.id as id1_1_0_, user0_.disctrict_id as disctric2_1_0_, user0_.email as email3_1_0_, user0_.email_count as email_co4_1_0_, user0_.enquiry_age as enquiry_5_1_0_, user0_.name as name6_1_0_, user0_.phone_number as phone_nu7_1_0_, user0_.pincode as pincode8_1_0_, user0_.state_id as state_id9_1_0_, user0_.state_name as state_n10_1_0_, user0_.status as status11_1_0_ from user user0_ where user0_.id=?
Hibernate: select user0_.id as id1_1_0_, user0_.disctrict_id as disctric2_1_0_, user0_.email as email3_1_0_, user0_.email_count as email_co4_1_0_, user0_.enquiry_age as enquiry_5_1_0_, user0_.name as name6_1_0_, user0_.phone_number as phone_nu7_1_0_, user0_.pincode as pincode8_1_0_, user0_.state_id as state_id9_1_0_, user0_.state_name as state_n10_1_0_, user0_.status as status11_1_0_ from user user0_ where user0_.id=?
Hibernate: update user set disctrict_id=?, email=?, email_count=?, enquiry_age=?, name=?, phone_number=?, pincode=?, state_id=?, state_name=?, status=? where id=?
Hibernate: update user set disctrict_id=?, email=?, email_count=?, enquiry_age=?, name=?, phone_number=?, pincode=?, state_id=?, state_name=?, status=? where id=?
Hibernate: insert into message_archive (message, user_id) values (?, ?)
Hibernate: insert into message_archive (message, user_id) values (?, ?)
{"ok":true,"result":{"message_id":46,"from":{"id":1858011407,"is_bot":true,"first_name":"Cowin_Radar","username":"cowin_radar_bot"},"chat":{"id":1372909583,"first_name":"Bhupad","username":"bhupad","type":"private"},"date":1620543904,"text":"Centers available are [Sub District Hospital Manchar1] for age greater than [18] one date [09-05-2021]. Vaccine name is [COVAXIN] and fee type is [Free] Vaccine Slot By District Id"}}
{"ok":true,"result":{"message_id":48,"from":{"id":1858011407,"is_bot":true,"first_name":"Cowin_Radar","username":"cowin_radar_bot"},"chat":{"id":1762736983,"first_name":"Raunak","type":"private"},"date":1620543905,"text":"Centers available are [Sub District Hospital Manchar1] for age greater than [18] one date [09-05-2021]. Vaccine name is [COVAXIN] and fee type is [Free] Vaccine Slot By District Id"}}
Hibernate: select user0_.id as id1_1_0_, user0_.disctrict_id as disctric2_1_0_, user0_.email as email3_1_0_, user0_.email_count as email_co4_1_0_, user0_.enquiry_age as enquiry_5_1_0_, user0_.name as name6_1_0_, user0_.phone_number as phone_nu7_1_0_, user0_.pincode as pincode8_1_0_, user0_.state_id as state_id9_1_0_, user0_.state_name as state_n10_1_0_, user0_.status as status11_1_0_ from user user0_ where user0_.id=?
Hibernate: insert into message_archive (message, user_id) values (?, ?)
{"ok":true,"result":{"message_id":50,"from":{"id":1858011407,"is_bot":true,"first_name":"Cowin_Radar","username":"cowin_radar_bot"},"chat":{"id":1769213541,"first_name":"Nitin","type":"private"},"date":1620543910,"text":"Centers available are [Sub District Hospital Manchar1] for age greater than [18] one date [09-05-2021]. Vaccine name is [COVAXIN] and fee type is [Free] Vaccine Slot By District Id"}}
Hibernate: select user0_.id as id1_1_, user0_.disctrict_id as disctric2_1_, user0_.email as email3_1_, user0_.email_count as email_co4_1_, user0_.enquiry_age as enquiry_5_1_, user0_.name as name6_1_, user0_.phone_number as phone_nu7_1_, user0_.pincode as pincode8_1_, user0_.state_id as state_id9_1_, user0_.state_name as state_n10_1_, user0_.status as status11_1_ from user user0_ where user0_.status=?
Hibernate: select user0_.id as id1_1_0_, user0_.disctrict_id as disctric2_1_0_, user0_.email as email3_1_0_, user0_.email_count as email_co4_1_0_, user0_.enquiry_age as enquiry_5_1_0_, user0_.name as name6_1_0_, user0_.phone_number as phone_nu7_1_0_, user0_.pincode as pincode8_1_0_, user0_.state_id as state_id9_1_0_, user0_.state_name as state_n10_1_0_, user0_.status as status11_1_0_ from user user0_ where user0_.id=?
Hibernate: insert into message_archive (message, user_id) values (?, ?)
{"ok":true,"result":{"message_id":52,"from":{"id":1858011407,"is_bot":true,"first_name":"Cowin_Radar","username":"cowin_radar_bot"},"chat":{"id":1769213541,"first_name":"Nitin","type":"private"},"date":1620544205,"text":"Centers available are [Sus SC] for age greater than [45] one date [09-05-2021]. Vaccine name is [COVISHIELD] and fee type is [Free] Vaccine Slot By District Id"}}
Hibernate: select user0_.id as id1_1_, user0_.disctrict_id as disctric2_1_, user0_.email as email3_1_, user0_.email_count as email_co4_1_, user0_.enquiry_age as enquiry_5_1_, user0_.name as name6_1_, user0_.phone_number as phone_nu7_1_, user0_.pincode as pincode8_1_, user0_.state_id as state_id9_1_, user0_.state_name as state_n10_1_, user0_.status as status11_1_ from user user0_ where user0_.status=?
Hibernate: select user0_.id as id1_1_, user0_.disctrict_id as disctric2_1_, user0_.email as email3_1_, user0_.email_count as email_co4_1_, user0_.enquiry_age as enquiry_5_1_, user0_.name as name6_1_, user0_.phone_number as phone_nu7_1_, user0_.pincode as pincode8_1_, user0_.state_id as state_id9_1_, user0_.state_name as state_n10_1_, user0_.status as status11_1_ from user user0_ where user0_.status=?
Hibernate: select user0_.id as id1_1_, user0_.disctrict_id as disctric2_1_, user0_.email as email3_1_, user0_.email_count as email_co4_1_, user0_.enquiry_age as enquiry_5_1_, user0_.name as name6_1_, user0_.phone_number as phone_nu7_1_, user0_.pincode as pincode8_1_, user0_.state_id as state_id9_1_, user0_.state_name as state_n10_1_, user0_.status as status11_1_ from user user0_ where user0_.status=?
2021-05-09 12:58:21.059  INFO 5616 --- [extShutdownHook] o.s.s.c.ThreadPoolTaskScheduler          : Shutting down ExecutorService 'taskScheduler'
2021-05-09 12:58:21.060  INFO 5616 --- [extShutdownHook] o.s.s.concurrent.ThreadPoolTaskExecutor  : Shutting down ExecutorService 'applicationTaskExecutor'
2021-05-09 12:58:21.060  INFO 5616 --- [extShutdownHook] j.LocalContainerEntityManagerFactoryBean : Closing JPA EntityManagerFactory for persistence unit 'default'
2021-05-09 12:58:21.063  INFO 5616 --- [extShutdownHook] com.zaxxer.hikari.HikariDataSource       : HikariPool-1 - Shutdown initiated...
2021-05-09 12:58:21.065  INFO 5616 --- [extShutdownHook] com.zaxxer.hikari.HikariDataSource       : HikariPool-1 - Shutdown completed.
. Vaccine name is [COVISHIELD] and fee type is [Free] Vaccine Slot By District Id"}}
Hibernate: select user0_.id as id1_1_, user0_.disctrict_id as disctric2_1_, user0_.email as email3_1_, user0_.email_count as email_co4_1_, user0_.enquiry_age as enquiry_5_1_, user0_.name as name6_1_, user0_.phone_number as phone_nu7_1_, user0_.pincode as pincode8_1_, user0_.state_id as state_id9_1_, user0_.state_name as state_n10_1_, user0_.status as status11_1_ from user user0_ where user0_.status=?
Hibernate: select user0_.id as id1_1_, user0_.disctrict_id as disctric2_1_, user0_.email as email3_1_, user0_.email_count as email_co4_1_, user0_.enquiry_age as enquiry_5_1_, user0_.name as name6_1_, user0_.phone_number as phone_nu7_1_, user0_.pincode as pincode8_1_, user0_.state_id as state_id9_1_, user0_.state_name as state_n10_1_, user0_.status as status11_1_ from user user0_ where user0_.status=?
Hibernate: select user0_.id as id1_1_, user0_.disctrict_id as disctric2_1_, user0_.email as email3_1_, user0_.email_count as email_co4_1_, user0_.enquiry_age as enquiry_5_1_, user0_.name as name6_1_, user0_.phone_number as phone_nu7_1_, user0_.pincode as pincode8_1_, user0_.state_id as state_id9_1_, user0_.state_name as state_n10_1_, user0_.status as status11_1_ from user user0_ where user0_.status=?
Hibernate: select user0_.id as id1_1_, user0_.disctrict_id as disctric2_1_, user0_.email as email3_1_, user0_.email_count as email_co4_1_, user0_.enquiry_age as enquiry_5_1_, user0_.name as name6_1_, user0_.phone_number as phone_nu7_1_, user0_.pincode as pincode8_1_, user0_.state_id as state_id9_1_, user0_.state_name as state_n10_1_, user0_.status as status11_1_ from user user0_ where user0_.status=?
Hibernate: select user0_.id as id1_1_0_, user0_.disctrict_id as disctric2_1_0_, user0_.email as email3_1_0_, user0_.email_count as email_co4_1_0_, user0_.enquiry_age as enquiry_5_1_0_, user0_.name as name6_1_0_, user0_.phone_number as phone_nu7_1_0_, user0_.pincode as pincode8_1_0_, user0_.state_id as state_id9_1_0_, user0_.state_name as state_n10_1_0_, user0_.status as status11_1_0_ from user user0_ where user0_.id=?
Hibernate: select user0_.id as id1_1_0_, user0_.disctrict_id as disctric2_1_0_, user0_.email as email3_1_0_, user0_.email_count as email_co4_1_0_, user0_.enquiry_age as enquiry_5_1_0_, user0_.name as name6_1_0_, user0_.phone_number as phone_nu7_1_0_, user0_.pincode as pincode8_1_0_, user0_.state_id as state_id9_1_0_, user0_.state_name as state_n10_1_0_, user0_.status as status11_1_0_ from user user0_ where user0_.id=?
Hibernate: insert into message_archive (message, user_id) values (?, ?)
Hibernate: insert into message_archive (message, user_id) values (?, ?)
{"ok":true,"result":{"message_id":39,"from":{"id":1858011407,"is_bot":true,"first_name":"Cowin_Radar","username":"cowin_radar_bot"},"chat":{"id":1372909583,"first_name":"Bhupad","username":"bhupad","type":"private"},"date":1620543608,"text":"Centers available are [Primary Health Centre Kurkumbh] for age greater than [18] one date [09-05-2021]. Vaccine name is [COVISHIELD] and fee type is [Free] Vaccine Slot By District Id"}}
{"ok":true,"result":{"message_id":41,"from":{"id":1858011407,"is_bot":true,"first_name":"Cowin_Radar","username":"cowin_radar_bot"},"chat":{"id":1762736983,"first_name":"Raunak","type":"private"},"date":1620543609,"text":"Centers available are [Primary Health Centre Kurkumbh] for age greater than [18] one date [09-05-2021]. Vaccine name is [COVISHIELD] and fee type is [Free] Vaccine Slot By District Id"}}
Hibernate: select user0_.id as id1_1_0_, user0_.disctrict_id as disctric2_1_0_, user0_.email as email3_1_0_, user0_.email_count as email_co4_1_0_, user0_.enquiry_age as enquiry_5_1_0_, user0_.name as name6_1_0_, user0_.phone_number as phone_nu7_1_0_, user0_.pincode as pincode8_1_0_, user0_.state_id as state_id9_1_0_, user0_.state_name as state_n10_1_0_, user0_.status as status11_1_0_ from user user0_ where user0_.id=?
Hibernate: update user set disctrict_id=?, email=?, email_count=?, enquiry_age=?, name=?, phone_number=?, pincode=?, state_id=?, state_name=?, status=? where id=?
Hibernate: insert into message_archive (message, user_id) values (?, ?)
{"ok":true,"result":{"message_id":43,"from":{"id":1858011407,"is_bot":true,"first_name":"Cowin_Radar","username":"cowin_radar_bot"},"chat":{"id":1769213541,"first_name":"Nitin","type":"private"},"date":1620543614,"text":"Centers available are [Primary Health Centre Kurkumbh] for age greater than [18] one date [09-05-2021]. Vaccine name is [COVISHIELD] and fee type is [Free] Vaccine Slot By District Id"}}
Hibernate: select user0_.id as id1_1_, user0_.disctrict_id as disctric2_1_, user0_.email as email3_1_, user0_.email_count as email_co4_1_, user0_.enquiry_age as enquiry_5_1_, user0_.name as name6_1_, user0_.phone_number as phone_nu7_1_, user0_.pincode as pincode8_1_, user0_.state_id as state_id9_1_, user0_.state_name as state_n10_1_, user0_.status as status11_1_ from user user0_ where user0_.status=?
Hibernate: select user0_.id as id1_1_0_, user0_.disctrict_id as disctric2_1_0_, user0_.email as email3_1_0_, user0_.email_count as email_co4_1_0_, user0_.enquiry_age as enquiry_5_1_0_, user0_.name as name6_1_0_, user0_.phone_number as phone_nu7_1_0_, user0_.pincode as pincode8_1_0_, user0_.state_id as state_id9_1_0_, user0_.state_name as state_n10_1_0_, user0_.status as status11_1_0_ from user user0_ where user0_.id=?
Hibernate: select user0_.id as id1_1_0_, user0_.disctrict_id as disctric2_1_0_, user0_.email as email3_1_0_, user0_.email_count as email_co4_1_0_, user0_.enquiry_age as enquiry_5_1_0_, user0_.name as name6_1_0_, user0_.phone_number as phone_nu7_1_0_, user0_.pincode as pincode8_1_0_, user0_.state_id as state_id9_1_0_, user0_.state_name as state_n10_1_0_, user0_.status as status11_1_0_ from user user0_ where user0_.id=?
Hibernate: insert into message_archive (message, user_id) values (?, ?)
Hibernate: insert into message_archive (message, user_id) values (?, ?)
{"ok":true,"result":{"message_id":45,"from":{"id":1858011407,"is_bot":true,"first_name":"Cowin_Radar","username":"cowin_radar_bot"},"chat":{"id":1372909583,"first_name":"Bhupad","username":"bhupad","type":"private"},"date":1620543904,"text":"Centers available are [Sub District Hospital Manchar1] for age greater than [18] one date [09-05-2021]. Vaccine name is [COVAXIN] and fee type is [Free] Vaccine Slot By District Id"}}
{"ok":true,"result":{"message_id":47,"from":{"id":1858011407,"is_bot":true,"first_name":"Cowin_Radar","username":"cowin_radar_bot"},"chat":{"id":1762736983,"first_name":"Raunak","type":"private"},"date":1620543905,"text":"Centers available are [Sub District Hospital Manchar1] for age greater than [18] one date [09-05-2021]. Vaccine name is [COVAXIN] and fee type is [Free] Vaccine Slot By District Id"}}
Hibernate: select user0_.id as id1_1_0_, user0_.disctrict_id as disctric2_1_0_, user0_.email as email3_1_0_, user0_.email_count as email_co4_1_0_, user0_.enquiry_age as enquiry_5_1_0_, user0_.name as name6_1_0_, user0_.phone_number as phone_nu7_1_0_, user0_.pincode as pincode8_1_0_, user0_.state_id as state_id9_1_0_, user0_.state_name as state_n10_1_0_, user0_.status as status11_1_0_ from user user0_ where user0_.id=?
Hibernate: update user set disctrict_id=?, email=?, email_count=?, enquiry_age=?, name=?, phone_number=?, pincode=?, state_id=?, state_name=?, status=? where id=?
Hibernate: insert into message_archive (message, user_id) values (?, ?)
{"ok":true,"result":{"message_id":49,"from":{"id":1858011407,"is_bot":true,"first_name":"Cowin_Radar","username":"cowin_radar_bot"},"chat":{"id":1769213541,"first_name":"Nitin","type":"private"},"date":1620543910,"text":"Centers available are [Sub District Hospital Manchar1] for age greater than [18] one date [09-05-2021]. Vaccine name is [COVAXIN] and fee type is [Free] Vaccine Slot By District Id"}}
Hibernate: select user0_.id as id1_1_, user0_.disctrict_id as disctric2_1_, user0_.email as email3_1_, user0_.email_count as email_co4_1_, user0_.enquiry_age as enquiry_5_1_, user0_.name as name6_1_, user0_.phone_number as phone_nu7_1_, user0_.pincode as pincode8_1_, user0_.state_id as state_id9_1_, user0_.state_name as state_n10_1_, user0_.status as status11_1_ from user user0_ where user0_.status=?
Hibernate: select user0_.id as id1_1_0_, user0_.disctrict_id as disctric2_1_0_, user0_.email as email3_1_0_, user0_.email_count as email_co4_1_0_, user0_.enquiry_age as enquiry_5_1_0_, user0_.name as name6_1_0_, user0_.phone_number as phone_nu7_1_0_, user0_.pincode as pincode8_1_0_, user0_.state_id as state_id9_1_0_, user0_.state_name as state_n10_1_0_, user0_.status as status11_1_0_ from user user0_ where user0_.id=?
Hibernate: update user set disctrict_id=?, email=?, email_count=?, enquiry_age=?, name=?, phone_number=?, pincode=?, state_id=?, state_name=?, status=? where id=?
Hibernate: insert into message_archive (message, user_id) values (?, ?)
{"ok":true,"result":{"message_id":51,"from":{"id":1858011407,"is_bot":true,"first_name":"Cowin_Radar","username":"cowin_radar_bot"},"chat":{"id":1769213541,"first_name":"Nitin","type":"private"},"date":1620544204,"text":"Centers available are [Sus SC] for age greater than [45] one date [09-05-2021]. Vaccine name is [COVISHIELD] and fee type is [Free] Vaccine Slot By District Id"}}
Hibernate: select user0_.id as id1_1_, user0_.disctrict_id as disctric2_1_, user0_.email as email3_1_, user0_.email_count as email_co4_1_, user0_.enquiry_age as enquiry_5_1_, user0_.name as name6_1_, user0_.phone_number as phone_nu7_1_, user0_.pincode as pincode8_1_, user0_.state_id as state_id9_1_, user0_.state_name as state_n10_1_, user0_.status as status11_1_ from user user0_ where user0_.status=?
Hibernate: select user0_.id as id1_1_, user0_.disctrict_id as disctric2_1_, user0_.email as email3_1_, user0_.email_count as email_co4_1_, user0_.enquiry_age as enquiry_5_1_, user0_.name as name6_1_, user0_.phone_number as phone_nu7_1_, user0_.pincode as pincode8_1_, user0_.state_id as state_id9_1_, user0_.state_name as state_n10_1_, user0_.status as status11_1_ from user user0_ where user0_.status=?
Hibernate: select user0_.id as id1_1_, user0_.disctrict_id as disctric2_1_, user0_.email as email3_1_, user0_.email_count as email_co4_1_, user0_.enquiry_age as enquiry_5_1_, user0_.name as name6_1_, user0_.phone_number as phone_nu7_1_, user0_.pincode as pincode8_1_, user0_.state_id as state_id9_1_, user0_.state_name as state_n10_1_, user0_.status as status11_1_ from user user0_ where user0_.status=?
2021-05-09 12:58:27.795  INFO 4810 --- [extShutdownHook] o.s.s.c.ThreadPoolTaskScheduler          : Shutting down ExecutorService 'taskScheduler'
2021-05-09 12:58:27.797  INFO 4810 --- [extShutdownHook] o.s.s.concurrent.ThreadPoolTaskExecutor  : Shutting down ExecutorService 'applicationTaskExecutor'
2021-05-09 12:58:27.798  INFO 4810 --- [extShutdownHook] j.LocalContainerEntityManagerFactoryBean : Closing JPA EntityManagerFactory for persistence unit 'default'
2021-05-09 12:58:27.801  INFO 4810 --- [extShutdownHook] com.zaxxer.hikari.HikariDataSource       : HikariPool-1 - Shutdown initiated...
2021-05-09 12:58:27.805  INFO 4810 --- [extShutdownHook] com.zaxxer.hikari.HikariDataSource       : HikariPool-1 - Shutdown completed.
